
 Error Code 42S02  ErrorDetail  SQLSTATE[42S02]: Base table or view not found: 1146 Table 'phpb_24.course1' doesn't exist on Tue 16-07-2024 08:52:59PM in file C:\wamp64\www\phpb_24\project\submit\insert_course.php at lineno 16
 Error Code 42S02  ErrorDetail  SQLSTATE[42S02]: Base table or view not found: 1146 Table 'phpb_24.course1' doesn't exist on Tue 16-07-2024 08:53:47PM in file C:\wamp64\www\phpb_24\project\submit\insert_course.php at lineno 16
 Error Code 42S02  ErrorDetail  SQLSTATE[42S02]: Base table or view not found: 1146 Table 'phpb_24.course1' doesn't exist on Tue 16-07-2024 08:56:20PM in file C:\wamp64\www\phpb_24\project\submit\insert_course.php at lineno 15
 Error Code 42S02  ErrorDetail  SQLSTATE[42S02]: Base table or view not found: 1146 Table 'phpb_24.course11' doesn't exist on Thu 18-07-2024 08:45:23PM in file C:\wamp64\www\phpb_24\project\submit\insert_course.php at lineno 16
 Error Code 42S02  ErrorDetail  SQLSTATE[42S02]: Base table or view not found: 1146 Table 'phpb_24.course11' doesn't exist on Thu 18-07-2024 08:46:29PM in file C:\wamp64\www\phpb_24\project\submit\insert_course.php at lineno 16
 Error Code 42S02  ErrorDetail  SQLSTATE[42S02]: Base table or view not found: 1146 Table 'phpb_24.course11' doesn't exist on Thu 18-07-2024 08:48:11PM in file C:\wamp64\www\phpb_24\project\submit\insert_course.php at lineno 16
 Error Code 42S02  ErrorDetail  SQLSTATE[42S02]: Base table or view not found: 1146 Table 'phpb_24.course11' doesn't exist on Thu 18-07-2024 08:48:44PM in file C:\wamp64\www\phpb_24\project\submit\insert_course.php at lineno 16
 Error Code 42S22  ErrorDetail  SQLSTATE[42S22]: Column not found: 1054 Unknown column 'startdate' in 'field list' on Fri 19-07-2024 08:36:58PM in file C:\wamp64\www\phpb_24\project\submit\insert_batch.php at lineno 13
 Error Code 42S02  ErrorDetail  SQLSTATE[42S02]: Base table or view not found: 1146 Table 'phpb_24.course1' doesn't exist on Sat 20-07-2024 08:21:43PM in file C:\wamp64\www\phpb_24\project\course.php at lineno 35
 Error Code 42S02  ErrorDetail  SQLSTATE[42S02]: Base table or view not found: 1146 Table 'phpb_24.course1' doesn't exist on Sat 20-07-2024 08:22:00PM in file C:\wamp64\www\phpb_24\project\course.php at lineno 35
 Error Code 42S02  ErrorDetail  SQLSTATE[42S02]: Base table or view not found: 1146 Table 'phpb_24.course1' doesn't exist on Sat 20-07-2024 08:22:43PM in file C:\wamp64\www\phpb_24\project\course.php at lineno 35
 Error Code 42S02  ErrorDetail  SQLSTATE[42S02]: Base table or view not found: 1146 Table 'phpb_24.course1' doesn't exist on Sat 20-07-2024 08:22:43PM in file C:\wamp64\www\phpb_24\project\course.php at lineno 35
 Error Code 42S02  ErrorDetail  SQLSTATE[42S02]: Base table or view not found: 1146 Table 'phpb_24.course1' doesn't exist on Sat 20-07-2024 08:22:43PM in file C:\wamp64\www\phpb_24\project\course.php at lineno 35
 Error Code 42S02  ErrorDetail  SQLSTATE[42S02]: Base table or view not found: 1146 Table 'phpb_24.course1' doesn't exist on Sat 20-07-2024 08:22:43PM in file C:\wamp64\www\phpb_24\project\course.php at lineno 35
 Error Code 42S02  ErrorDetail  SQLSTATE[42S02]: Base table or view not found: 1146 Table 'phpb_24.course1' doesn't exist on Sat 20-07-2024 08:22:43PM in file C:\wamp64\www\phpb_24\project\course.php at lineno 35
 Error Code 42S02  ErrorDetail  SQLSTATE[42S02]: Base table or view not found: 1146 Table 'phpb_24.course1' doesn't exist on Sat 20-07-2024 08:22:43PM in file C:\wamp64\www\phpb_24\project\course.php at lineno 35
 Error Code 42S02  ErrorDetail  SQLSTATE[42S02]: Base table or view not found: 1146 Table 'phpb_24.course1' doesn't exist on Sat 20-07-2024 08:22:43PM in file C:\wamp64\www\phpb_24\project\course.php at lineno 35
 Error Code 42S02  ErrorDetail  SQLSTATE[42S02]: Base table or view not found: 1146 Table 'phpb_24.course1' doesn't exist on Sat 20-07-2024 08:22:43PM in file C:\wamp64\www\phpb_24\project\course.php at lineno 35
 Error Code 42S02  ErrorDetail  SQLSTATE[42S02]: Base table or view not found: 1146 Table 'phpb_24.course1' doesn't exist on Sat 20-07-2024 08:22:43PM in file C:\wamp64\www\phpb_24\project\course.php at lineno 35
 Error Code 42S02  ErrorDetail  SQLSTATE[42S02]: Base table or view not found: 1146 Table 'phpb_24.course1' doesn't exist on Sat 20-07-2024 08:22:43PM in file C:\wamp64\www\phpb_24\project\course.php at lineno 35
 Error Code 42S02  ErrorDetail  SQLSTATE[42S02]: Base table or view not found: 1146 Table 'phpb_24.course1' doesn't exist on Sat 20-07-2024 08:22:43PM in file C:\wamp64\www\phpb_24\project\course.php at lineno 35
 Error Code 42S02  ErrorDetail  SQLSTATE[42S02]: Base table or view not found: 1146 Table 'phpb_24.course1' doesn't exist on Sat 20-07-2024 08:22:43PM in file C:\wamp64\www\phpb_24\project\course.php at lineno 35
 Error Code 42S02  ErrorDetail  SQLSTATE[42S02]: Base table or view not found: 1146 Table 'phpb_24.course1' doesn't exist on Sat 20-07-2024 08:22:43PM in file C:\wamp64\www\phpb_24\project\course.php at lineno 35
 Error Code 42S02  ErrorDetail  SQLSTATE[42S02]: Base table or view not found: 1146 Table 'phpb_24.course1' doesn't exist on Sat 20-07-2024 08:22:43PM in file C:\wamp64\www\phpb_24\project\course.php at lineno 35
 Error Code 42S02  ErrorDetail  SQLSTATE[42S02]: Base table or view not found: 1146 Table 'phpb_24.course1' doesn't exist on Sat 20-07-2024 08:22:43PM in file C:\wamp64\www\phpb_24\project\course.php at lineno 35
 Error Code 42S02  ErrorDetail  SQLSTATE[42S02]: Base table or view not found: 1146 Table 'phpb_24.course1' doesn't exist on Sat 20-07-2024 08:22:43PM in file C:\wamp64\www\phpb_24\project\course.php at lineno 35
 Error Code 42S02  ErrorDetail  SQLSTATE[42S02]: Base table or view not found: 1146 Table 'phpb_24.course1' doesn't exist on Sat 20-07-2024 08:22:43PM in file C:\wamp64\www\phpb_24\project\course.php at lineno 35
 Error Code 42S02  ErrorDetail  SQLSTATE[42S02]: Base table or view not found: 1146 Table 'phpb_24.course1' doesn't exist on Sat 20-07-2024 08:22:43PM in file C:\wamp64\www\phpb_24\project\course.php at lineno 35
 Error Code 42S02  ErrorDetail  SQLSTATE[42S02]: Base table or view not found: 1146 Table 'phpb_24.course1' doesn't exist on Sat 20-07-2024 08:22:43PM in file C:\wamp64\www\phpb_24\project\course.php at lineno 35
 Error Code 42S02  ErrorDetail  SQLSTATE[42S02]: Base table or view not found: 1146 Table 'phpb_24.course1' doesn't exist on Sat 20-07-2024 08:22:43PM in file C:\wamp64\www\phpb_24\project\course.php at lineno 35
 Error Code 42S02  ErrorDetail  SQLSTATE[42S02]: Base table or view not found: 1146 Table 'phpb_24.course1' doesn't exist on Sat 20-07-2024 08:22:43PM in file C:\wamp64\www\phpb_24\project\course.php at lineno 35
 Error Code 42S02  ErrorDetail  SQLSTATE[42S02]: Base table or view not found: 1146 Table 'phpb_24.course1' doesn't exist on Sat 20-07-2024 08:22:45PM in file C:\wamp64\www\phpb_24\project\course.php at lineno 35
 Error Code 42S02  ErrorDetail  SQLSTATE[42S02]: Base table or view not found: 1146 Table 'phpb_24.course1' doesn't exist on Sat 20-07-2024 08:22:45PM in file C:\wamp64\www\phpb_24\project\course.php at lineno 35
 Error Code 42S02  ErrorDetail  SQLSTATE[42S02]: Base table or view not found: 1146 Table 'phpb_24.course1' doesn't exist on Sat 20-07-2024 08:22:45PM in file C:\wamp64\www\phpb_24\project\course.php at lineno 35
 Error Code 42S02  ErrorDetail  SQLSTATE[42S02]: Base table or view not found: 1146 Table 'phpb_24.course1' doesn't exist on Sat 20-07-2024 08:22:45PM in file C:\wamp64\www\phpb_24\project\course.php at lineno 35
 Error Code 42S02  ErrorDetail  SQLSTATE[42S02]: Base table or view not found: 1146 Table 'phpb_24.course1' doesn't exist on Sat 20-07-2024 08:22:45PM in file C:\wamp64\www\phpb_24\project\course.php at lineno 35
 Error Code 42S02  ErrorDetail  SQLSTATE[42S02]: Base table or view not found: 1146 Table 'phpb_24.course1' doesn't exist on Sat 20-07-2024 08:22:45PM in file C:\wamp64\www\phpb_24\project\course.php at lineno 35
 Error Code 42S02  ErrorDetail  SQLSTATE[42S02]: Base table or view not found: 1146 Table 'phpb_24.course1' doesn't exist on Sat 20-07-2024 08:22:45PM in file C:\wamp64\www\phpb_24\project\course.php at lineno 35
 Error Code 42S02  ErrorDetail  SQLSTATE[42S02]: Base table or view not found: 1146 Table 'phpb_24.course1' doesn't exist on Sat 20-07-2024 08:22:45PM in file C:\wamp64\www\phpb_24\project\course.php at lineno 35
 Error Code 42S02  ErrorDetail  SQLSTATE[42S02]: Base table or view not found: 1146 Table 'phpb_24.course1' doesn't exist on Sat 20-07-2024 08:22:45PM in file C:\wamp64\www\phpb_24\project\course.php at lineno 35
 Error Code 42S02  ErrorDetail  SQLSTATE[42S02]: Base table or view not found: 1146 Table 'phpb_24.course1' doesn't exist on Sat 20-07-2024 08:22:45PM in file C:\wamp64\www\phpb_24\project\course.php at lineno 35
 Error Code 42S02  ErrorDetail  SQLSTATE[42S02]: Base table or view not found: 1146 Table 'phpb_24.course1' doesn't exist on Sat 20-07-2024 08:22:45PM in file C:\wamp64\www\phpb_24\project\course.php at lineno 35
 Error Code 42S02  ErrorDetail  SQLSTATE[42S02]: Base table or view not found: 1146 Table 'phpb_24.course1' doesn't exist on Sat 20-07-2024 08:22:45PM in file C:\wamp64\www\phpb_24\project\course.php at lineno 35
 Error Code 42S02  ErrorDetail  SQLSTATE[42S02]: Base table or view not found: 1146 Table 'phpb_24.course1' doesn't exist on Sat 20-07-2024 08:22:45PM in file C:\wamp64\www\phpb_24\project\course.php at lineno 35
 Error Code 42S02  ErrorDetail  SQLSTATE[42S02]: Base table or view not found: 1146 Table 'phpb_24.course1' doesn't exist on Sat 20-07-2024 08:22:45PM in file C:\wamp64\www\phpb_24\project\course.php at lineno 35
 Error Code 42S02  ErrorDetail  SQLSTATE[42S02]: Base table or view not found: 1146 Table 'phpb_24.course1' doesn't exist on Sat 20-07-2024 08:22:45PM in file C:\wamp64\www\phpb_24\project\course.php at lineno 35
 Error Code 42S02  ErrorDetail  SQLSTATE[42S02]: Base table or view not found: 1146 Table 'phpb_24.course1' doesn't exist on Sat 20-07-2024 08:22:45PM in file C:\wamp64\www\phpb_24\project\course.php at lineno 35
 Error Code 42S02  ErrorDetail  SQLSTATE[42S02]: Base table or view not found: 1146 Table 'phpb_24.course1' doesn't exist on Sat 20-07-2024 08:22:45PM in file C:\wamp64\www\phpb_24\project\course.php at lineno 35
 Error Code 42S02  ErrorDetail  SQLSTATE[42S02]: Base table or view not found: 1146 Table 'phpb_24.course1' doesn't exist on Sat 20-07-2024 08:22:45PM in file C:\wamp64\www\phpb_24\project\course.php at lineno 35
 Error Code 42S02  ErrorDetail  SQLSTATE[42S02]: Base table or view not found: 1146 Table 'phpb_24.course1' doesn't exist on Sat 20-07-2024 08:22:45PM in file C:\wamp64\www\phpb_24\project\course.php at lineno 35
 Error Code 42S02  ErrorDetail  SQLSTATE[42S02]: Base table or view not found: 1146 Table 'phpb_24.course1' doesn't exist on Sat 20-07-2024 08:22:45PM in file C:\wamp64\www\phpb_24\project\course.php at lineno 35
 Error Code 42S02  ErrorDetail  SQLSTATE[42S02]: Base table or view not found: 1146 Table 'phpb_24.course1' doesn't exist on Sat 20-07-2024 08:22:45PM in file C:\wamp64\www\phpb_24\project\course.php at lineno 35
 Error Code 42S02  ErrorDetail  SQLSTATE[42S02]: Base table or view not found: 1146 Table 'phpb_24.course1' doesn't exist on Sat 20-07-2024 08:24:35PM in file C:\wamp64\www\phpb_24\project\course.php at lineno 14
 Error Code 42S02  ErrorDetail  SQLSTATE[42S02]: Base table or view not found: 1146 Table 'phpb_24.course1' doesn't exist on Sat 20-07-2024 08:25:23PM in file C:\wamp64\www\phpb_24\project\course.php at lineno 14
 Error Code 42S02  ErrorDetail  SQLSTATE[42S02]: Base table or view not found: 1146 Table 'phpb_24.course1' doesn't exist on Sat 20-07-2024 08:25:24PM in file C:\wamp64\www\phpb_24\project\course.php at lineno 14
 Error Code 42S02  ErrorDetail  SQLSTATE[42S02]: Base table or view not found: 1146 Table 'phpb_24.course1' doesn't exist on Sat 20-07-2024 08:25:34PM in file C:\wamp64\www\phpb_24\project\course.php at lineno 14
 Error Code 42S02  ErrorDetail  SQLSTATE[42S02]: Base table or view not found: 1146 Table 'phpb_24.batch1' doesn't exist on Mon 22-07-2024 08:33:32PM in file C:\wamp64\www\phpb_24\project\batch.php at lineno 15
 Error Code 42S22  ErrorDetail  SQLSTATE[42S22]: Column not found: 1054 Unknown column 'id11' in 'order clause' on Mon 22-07-2024 08:33:41PM in file C:\wamp64\www\phpb_24\project\batch.php at lineno 15
 Error Code 2054  ErrorDetail  SQLSTATE[HY000] [2054] Server sent charset unknown to the client. Please, report to the developers on Mon 22-07-2024 08:50:54PM in file C:\wamp64\www\phpb_24\project\inc\connection.php at lineno 27
 Error Code 42S02  ErrorDetail  SQLSTATE[42S02]: Base table or view not found: 1146 Table 'phpb_24.lecturess' doesn't exist on Thu 25-07-2024 08:39:03PM in file C:\wamp64\www\phpb_24\project\lecture.php at lineno 16
 Error Code 42S22  ErrorDetail  SQLSTATE[42S22]: Column not found: 1054 Unknown column 'ispaid' in 'field list' on Tue 30-07-2024 08:40:05PM in file C:\wamp64\www\phpb_24\project\report.php at lineno 21
 Error Code 42S22  ErrorDetail  SQLSTATE[42S22]: Column not found: 1054 Unknown column 'ispaid' in 'field list' on Tue 30-07-2024 08:40:32PM in file C:\wamp64\www\phpb_24\project\report.php at lineno 21
 Error Code 42S02  ErrorDetail  SQLSTATE[42S02]: Base table or view not found: 1146 Table 'phpb_24.teacher1' doesn't exist on Wed 31-07-2024 08:56:54PM in file C:\wamp64\www\phpb_24\project\edit_teacher.php at lineno 16